<?xml version="1.0" encoding="UTF-8"?>
<!-- Generated by org.testng.reporters.JUnitXMLReporter -->
<testsuite ignored="0" hostname="HYD-LAP-00651" failures="0" tests="4" name="Default test" time="6.885" errors="0" timestamp="2024-03-26T11:56:45 IST">
  <testcase classname="api.Test.UserTests2" name="testPostUser" time="3.317"/>
  <testcase classname="api.Test.UserTests2" name="testGetUser" time="0.876"/>
  <testcase classname="api.Test.UserTests2" name="testUpdateUser" time="0.855"/>
  <testcase classname="api.Test.UserTests2" name="testDeleteUser" time="0.986"/>
</testsuite> <!-- Default test -->
