<?xml version="1.0" encoding="UTF-8"?>
<!-- Generated by org.testng.reporters.JUnitXMLReporter -->
<testsuite ignored="0" hostname="HYD-LAP-00651" failures="0" tests="4" name="Test" time="7.296" errors="0" timestamp="2024-03-26T10:47:14 IST">
  <testcase classname="api.Test.UserTests2" name="testPostUser" time="3.792"/>
  <testcase classname="api.Test.UserTests2" name="testGetUser" time="0.874"/>
  <testcase classname="api.Test.UserTests2" name="testUpdateUser" time="0.96"/>
  <testcase classname="api.Test.UserTests2" name="testDeleteUser" time="0.772"/>
</testsuite> <!-- Test -->
