<?xml version="1.0" encoding="UTF-8"?>
<testsuite xmlns:xsi="http://www.w3.org/2001/XMLSchema-instance" xsi:noNamespaceSchemaLocation="https://maven.apache.org/surefire/maven-surefire-plugin/xsd/surefire-test-report-3.0.xsd" version="3.0" name="TestSuite" time="9.557" tests="4" errors="0" skipped="0" failures="0">
  <properties>
[...]
</properties>
  <testcase name="testPostUser" classname="api.Test.UserTests2" time="4.239">
    <system-out><![CDATA[HTTP/1.1 201 Created
Date: Tue, 26 Mar 2024 11:17:39 GMT
Content-Type: application/json; charset=utf-8
Content-Length: 107
Connection: keep-alive
Cache-Control: max-age=0, private, must-revalidate
etag: W/"34db54bcd6d520de95741ae19d583e5d"
location: https://gorest.co.in/public/v2/users/6806965
referrer-policy: strict-origin-when-cross-origin
vary: Origin
x-content-type-options: nosniff
x-download-options: noopen
x-frame-options: SAMEORIGIN
x-permitted-cross-domain-policies: none
x-ratelimit-limit: 90
x-ratelimit-remaining: 89
x-ratelimit-reset: 1
x-request-id: ef2a347b-ebe8-4887-9698-9da8e43af8c9
x-runtime: 0.077538
x-xss-protection: 0
CF-Cache-Status: DYNAMIC
Report-To: {"endpoints":[{"url":"https:\/\/a.nel.cloudflare.com\/report\/v4?s=nZmp5x2mj9qenhb4Tzt7EnoXBHC73%2Bm2PTMR%2FXv75SHBHq1OsjAw84iAFBPhWHTWMNoZTuKHHO54U1HslTkLLLcOhk6bMDY8pOHJIXyYs1H4Eyc%2BsdV4frPseGsS5R0%3D"}],"group":"cf-nel","max_age":604800}
NEL: {"success_fraction":0,"report_to":"cf-nel","max_age":604800}
Server: cloudflare
CF-RAY: 86a6bc442e4fd3bf-CDG
alt-svc: h3=":443"; ma=86400

{
    "id": 6806965,
    "name": "Josh Muller",
    "email": "marlana.sanford@example.com",
    "gender": "male",
    "status": "active"
}
6806965
]]></system-out>
    <system-err><![CDATA[SLF4J: Failed to load class "org.slf4j.impl.StaticLoggerBinder".
SLF4J: Defaulting to no-operation (NOP) logger implementation
SLF4J: See http://www.slf4j.org/codes.html#StaticLoggerBinder for further details.
]]></system-err>
  </testcase>
  <testcase name="testGetUser" classname="api.Test.UserTests2" time="1.202">
    <system-out><![CDATA[HTTP/1.1 200 OK
Date: Tue, 26 Mar 2024 11:17:40 GMT
Content-Type: application/json; charset=utf-8
Transfer-Encoding: chunked
Connection: keep-alive
Cache-Control: max-age=0, private, must-revalidate
etag: W/"34db54bcd6d520de95741ae19d583e5d"
referrer-policy: strict-origin-when-cross-origin
vary: Origin
x-content-type-options: nosniff
x-download-options: noopen
x-frame-options: SAMEORIGIN
x-permitted-cross-domain-policies: none
x-ratelimit-limit: 90
x-ratelimit-remaining: 89
x-ratelimit-reset: 1
x-request-id: 60d08a78-7951-4339-ad21-f5d25f5518f0
x-runtime: 0.076835
x-xss-protection: 0
CF-Cache-Status: DYNAMIC
Report-To: {"endpoints":[{"url":"https:\/\/a.nel.cloudflare.com\/report\/v4?s=ldtaUdiOoFjjVesw14zf5GHKSEy0fSCwpt35uzztieCQ%2BJPFEtnCszz9xKyNMgQ2vt0TqOJaYDAQny1iX6oeAbYQkBepl4VQXIUxbEvkQCse0ZQuBbigohA6gwcA1gY%3D"}],"group":"cf-nel","max_age":604800}
NEL: {"success_fraction":0,"report_to":"cf-nel","max_age":604800}
Server: cloudflare
CF-RAY: 86a6bc4f8de9d605-CDG
Content-Encoding: gzip
alt-svc: h3=":443"; ma=86400

{
    "id": 6806965,
    "name": "Josh Muller",
    "email": "marlana.sanford@example.com",
    "gender": "male",
    "status": "active"
}
]]></system-out>
  </testcase>
  <testcase name="testUpdateUser" classname="api.Test.UserTests2" time="1.058">
    <system-out><![CDATA[HTTP/1.1 200 OK
Date: Tue, 26 Mar 2024 11:17:42 GMT
Content-Type: application/json; charset=utf-8
Transfer-Encoding: chunked
Connection: keep-alive
Cache-Control: max-age=0, private, must-revalidate
etag: W/"f13501ba36b5a65f5a6714773364e493"
referrer-policy: strict-origin-when-cross-origin
vary: Origin
x-content-type-options: nosniff
x-download-options: noopen
x-frame-options: SAMEORIGIN
x-permitted-cross-domain-policies: none
x-ratelimit-limit: 90
x-ratelimit-remaining: 89
x-ratelimit-reset: 1
x-request-id: 8a0a6a35-b480-487a-9e79-df8879e9ba71
x-runtime: 0.100565
x-xss-protection: 0
CF-Cache-Status: DYNAMIC
Report-To: {"endpoints":[{"url":"https:\/\/a.nel.cloudflare.com\/report\/v4?s=pFhxY2YkGawXYCs4cJSijdNA9JybiFTArFPcCJj2oCCLqDrBeYWfYva2MkhC8AKrb7SNvqN67m0Y3xl%2BhimS%2BCTfVxU6ipmXq%2Bvtbrxo5CSwtYPu%2BklEUmflgutHl4k%3D"}],"group":"cf-nel","max_age":604800}
NEL: {"success_fraction":0,"report_to":"cf-nel","max_age":604800}
Server: cloudflare
CF-RAY: 86a6bc55fe4c3c99-CDG
Content-Encoding: gzip
alt-svc: h3=":443"; ma=86400

{
    "email": "tijuana.spencer@example.com",
    "name": "Buck Kshlerin V",
    "gender": "male",
    "status": "active",
    "id": 6806965
}
]]></system-out>
  </testcase>
  <testcase name="testDeleteUser" classname="api.Test.UserTests2" time="0.805">
    <system-out><![CDATA[HTTP/1.1 204 No Content
Date: Tue, 26 Mar 2024 11:17:42 GMT
Connection: keep-alive
Cache-Control: no-cache
referrer-policy: strict-origin-when-cross-origin
vary: Origin
x-content-type-options: nosniff
x-download-options: noopen
x-frame-options: SAMEORIGIN
x-permitted-cross-domain-policies: none
x-ratelimit-limit: 90
x-ratelimit-remaining: 89
x-ratelimit-reset: 1
x-request-id: 8d706f9b-ef3d-4eb9-b596-1f250ba7415f
x-runtime: 0.076726
x-xss-protection: 0
CF-Cache-Status: DYNAMIC
Report-To: {"endpoints":[{"url":"https:\/\/a.nel.cloudflare.com\/report\/v4?s=SyCHRQejkrXOnRs2M%2BsK6x%2BbrZnqznYerbAfqjedVKLH7rM24uUHnDhDvLWlLwfA1o3bgU0ZiZr8AyCAcCTXVoRj%2F%2B3N2WsJxvsDILbLgAiv1HQqI79dz4cfxwXI2aI%3D"}],"group":"cf-nel","max_age":604800}
NEL: {"success_fraction":0,"report_to":"cf-nel","max_age":604800}
Server: cloudflare
CF-RAY: 86a6bc5cab20d605-CDG
alt-svc: h3=":443"; ma=86400
]]></system-out>
  </testcase>
</testsuite>