<?xml version="1.0" encoding="UTF-8"?>
<testng-results ignored="0" total="4" passed="4" failed="0" skipped="0">
  <reporter-output>
  </reporter-output>
  <suite started-at="2024-03-26T16:47:34 IST" name="Suite" finished-at="2024-03-26T16:47:42 IST" duration-ms="8066">
    <groups>
    </groups>
    <test started-at="2024-03-26T16:47:34 IST" name="Test" finished-at="2024-03-26T16:47:42 IST" duration-ms="8066">
      <class name="api.Test.UserTests2">
        <test-method is-config="true" signature="setUp()[pri:0, instance:api.Test.UserTests2@45099dd3]" started-at="2024-03-26T16:47:34 IST" name="setUp" finished-at="2024-03-26T16:47:35 IST" duration-ms="832" status="PASS">
          <reporter-output>
          </reporter-output>
        </test-method> <!-- setUp -->
        <test-method signature="testPostUser()[pri:1, instance:api.Test.UserTests2@45099dd3]" started-at="2024-03-26T16:47:35 IST" name="testPostUser" finished-at="2024-03-26T16:47:39 IST" duration-ms="4232" status="PASS">
          <reporter-output>
          </reporter-output>
        </test-method> <!-- testPostUser -->
        <test-method signature="testGetUser()[pri:3, instance:api.Test.UserTests2@45099dd3]" started-at="2024-03-26T16:47:39 IST" name="testGetUser" finished-at="2024-03-26T16:47:40 IST" duration-ms="1112" status="PASS">
          <reporter-output>
          </reporter-output>
        </test-method> <!-- testGetUser -->
        <test-method signature="testUpdateUser()[pri:4, instance:api.Test.UserTests2@45099dd3]" started-at="2024-03-26T16:47:40 IST" name="testUpdateUser" finished-at="2024-03-26T16:47:41 IST" duration-ms="1054" status="PASS">
          <reporter-output>
          </reporter-output>
        </test-method> <!-- testUpdateUser -->
        <test-method signature="testDeleteUser()[pri:5, instance:api.Test.UserTests2@45099dd3]" started-at="2024-03-26T16:47:41 IST" name="testDeleteUser" finished-at="2024-03-26T16:47:42 IST" duration-ms="779" status="PASS">
          <reporter-output>
          </reporter-output>
        </test-method> <!-- testDeleteUser -->
      </class> <!-- api.Test.UserTests2 -->
    </test> <!-- Test -->
  </suite> <!-- Suite -->
</testng-results>
