<?xml version="1.0" encoding="UTF-8"?>
<testng-results ignored="0" total="4" passed="4" failed="0" skipped="0">
  <reporter-output>
  </reporter-output>
  <suite started-at="2024-03-26T11:56:38 IST" name="Default suite" finished-at="2024-03-26T11:56:45 IST" duration-ms="6885">
    <groups>
    </groups>
    <test started-at="2024-03-26T11:56:38 IST" name="Default test" finished-at="2024-03-26T11:56:45 IST" duration-ms="6885">
      <class name="api.Test.UserTests2">
        <test-method is-config="true" signature="setUp()[pri:0, instance:api.Test.UserTests2@2e8c1c9b]" started-at="2024-03-26T11:56:38 IST" name="setUp" finished-at="2024-03-26T11:56:39 IST" duration-ms="793" status="PASS">
          <reporter-output>
          </reporter-output>
        </test-method> <!-- setUp -->
        <test-method signature="testPostUser()[pri:1, instance:api.Test.UserTests2@2e8c1c9b]" started-at="2024-03-26T11:56:39 IST" name="testPostUser" finished-at="2024-03-26T11:56:42 IST" duration-ms="3317" status="PASS">
          <reporter-output>
          </reporter-output>
        </test-method> <!-- testPostUser -->
        <test-method signature="testGetUser()[pri:3, instance:api.Test.UserTests2@2e8c1c9b]" started-at="2024-03-26T11:56:42 IST" name="testGetUser" finished-at="2024-03-26T11:56:43 IST" duration-ms="876" status="PASS">
          <reporter-output>
          </reporter-output>
        </test-method> <!-- testGetUser -->
        <test-method signature="testUpdateUser()[pri:4, instance:api.Test.UserTests2@2e8c1c9b]" started-at="2024-03-26T11:56:43 IST" name="testUpdateUser" finished-at="2024-03-26T11:56:44 IST" duration-ms="855" status="PASS">
          <reporter-output>
          </reporter-output>
        </test-method> <!-- testUpdateUser -->
        <test-method signature="testDeleteUser()[pri:5, instance:api.Test.UserTests2@2e8c1c9b]" started-at="2024-03-26T11:56:44 IST" name="testDeleteUser" finished-at="2024-03-26T11:56:45 IST" duration-ms="986" status="PASS">
          <reporter-output>
          </reporter-output>
        </test-method> <!-- testDeleteUser -->
      </class> <!-- api.Test.UserTests2 -->
    </test> <!-- Default test -->
  </suite> <!-- Default suite -->
</testng-results>
